#
# A fatal error has been detected by the Java Runtime Environment:
#
#  EXCEPTION_ACCESS_VIOLATION (0xc0000005) at pc=0x6508665b, pid=4264, tid=5100
#
# JRE version: Java(TM) SE Runtime Environment (7.0_51-b13) (build 1.7.0_51-b13)
# Java VM: Java HotSpot(TM) Client VM (24.51-b03 mixed mode, sharing windows-x86 )
# Problematic frame:
# C  [gdx-bullet.dll+0x665b]
#
# Failed to write core dump. Minidumps are not enabled by default on client versions of Windows
#
# If you would like to submit a bug report, please visit:
#   http://bugreport.sun.com/bugreport/crash.jsp
# The crash happened outside the Java Virtual Machine in native code.
# See problematic frame for where to report the bug.
#

---------------  T H R E A D  ---------------

Current thread (0x0300dc00):  JavaThread "LWJGL Application" [_thread_in_native, id=5100, stack(0x03c90000,0x03ce0000)]

siginfo: ExceptionCode=0xc0000005, reading address 0x00000000

Registers:
EAX=0x00000000, EBX=0x09231830, ECX=0x035e1500, EDX=0x03cdf740
ESP=0x03cdf6f0, EBP=0x03cdf830, ESI=0x035e1500, EDI=0x03cdf810
EIP=0x6508665b, EFLAGS=0x00010202

Top of Stack: (sp=0x03cdf6f0)
0x03cdf6f0:   6e8b111a 03cdf818 6e8b1196 3e800000
0x03cdf700:   6e913e3d 0300dd30 03cdf8d0 00000022
0x03cdf710:   8600ecc1 03cdf8d0 03cdf830 0300dd30
0x03cdf720:   03cdf710 02f37c5c 03cdfc14 6ea0058e
0x03cdf730:   eb6a3091 fffffffe 03cdf858 6517bdef
0x03cdf740:   be800000 42da8000 be800000 00000000
0x03cdf750:   3e800000 42dd8000 3e800000 00000000
0x03cdf760:   42dd8000 03cdf7c4 00000000 03cdf744 

Instructions: (pc=0x6508665b)
0x6508663b:   45 0c 89 44 24 6c 0f 84 ca 06 00 00 83 86 a8 00
0x6508664b:   00 00 01 8b 43 30 8d 54 24 50 f3 0f 10 44 24 60
0x6508665b:   0f 2e 00 0f 83 cc 00 00 00 89 54 24 08 8d 56 04
0x6508666b:   89 54 24 24 89 14 24 89 44 24 04 e8 d5 bd ff ff 


Register to memory mapping:

EAX=0x00000000 is an unknown value
EBX=0x09231830 is an unknown value
ECX=0x035e1500 is an unknown value
EDX=0x03cdf740 is pointing into the stack for thread: 0x0300dc00
ESP=0x03cdf6f0 is pointing into the stack for thread: 0x0300dc00
EBP=0x03cdf830 is pointing into the stack for thread: 0x0300dc00
ESI=0x035e1500 is an unknown value
EDI=0x03cdf810 is pointing into the stack for thread: 0x0300dc00


Stack: [0x03c90000,0x03ce0000],  sp=0x03cdf6f0,  free space=317k
Native frames: (J=compiled Java code, j=interpreted, Vv=VM code, C=native code)
C  [gdx-bullet.dll+0x665b]

Java frames: (J=compiled Java code, j=interpreted, Vv=VM code)
j  com.badlogic.gdx.physics.bullet.gdxBulletJNI.btBroadphaseInterface_setAabb(JLcom/badlogic/gdx/physics/bullet/btBroadphaseInterface;JLcom/badlogic/gdx/physics/bullet/btBroadphaseProxy;Lcom/badlogic/gdx/math/Vector3;Lcom/badlogic/gdx/math/Vector3;JLcom/badlogic/gdx/physics/bullet/btDispatcher;)V+0
j  com.badlogic.gdx.physics.bullet.btBroadphaseInterface.setAabb(Lcom/badlogic/gdx/physics/bullet/btBroadphaseProxy;Lcom/badlogic/gdx/math/Vector3;Lcom/badlogic/gdx/math/Vector3;Lcom/badlogic/gdx/physics/bullet/btDispatcher;)V+19
j  com.stargem.physics.KinematicCharacter.recoverFromPenetration(Lcom/badlogic/gdx/physics/bullet/btCollisionWorld;)Z+45
j  com.stargem.physics.KinematicCharacter.preStep(Lcom/badlogic/gdx/physics/bullet/btCollisionWorld;)V+10
j  com.stargem.physics.KinematicCharacter.updateAction(Lcom/badlogic/gdx/physics/bullet/btCollisionWorld;F)V+2
j  com.stargem.physics.PhysicsManager.stepSimulation(F)V+113
j  com.stargem.models.Simulation.update(F)V+5
j  com.stargem.screens.PlayScreen.render(F)V+24
j  com.stargem.Stargem.render()V+19
j  com.badlogic.gdx.backends.lwjgl.LwjglApplication.mainLoop()V+642
j  com.badlogic.gdx.backends.lwjgl.LwjglApplication$1.run()V+27
v  ~StubRoutines::call_stub

---------------  P R O C E S S  ---------------

Java Threads: ( => current thread )
  0x030c6800 JavaThread "LWJGL Timer" daemon [_thread_blocked, id=5628, stack(0x07410000,0x07460000)]
  0x02afec00 JavaThread "AsynchExecutor-Thread" daemon [_thread_blocked, id=2112, stack(0x073c0000,0x07410000)]
  0x003da400 JavaThread "DestroyJavaVM" [_thread_blocked, id=3428, stack(0x00900000,0x00950000)]
=>0x0300dc00 JavaThread "LWJGL Application" [_thread_in_native, id=5100, stack(0x03c90000,0x03ce0000)]
  0x02f15800 JavaThread "AWT-Windows" daemon [_thread_in_native, id=5672, stack(0x03180000,0x031d0000)]
  0x02afe400 JavaThread "Java2D Disposer" daemon [_thread_blocked, id=1980, stack(0x030e0000,0x03130000)]
  0x02a91c00 JavaThread "Service Thread" daemon [_thread_blocked, id=6092, stack(0x02e40000,0x02e90000)]
  0x02a8c000 JavaThread "C1 CompilerThread0" daemon [_thread_blocked, id=2384, stack(0x02df0000,0x02e40000)]
  0x02a8a400 JavaThread "Attach Listener" daemon [_thread_blocked, id=3700, stack(0x02da0000,0x02df0000)]
  0x02a89000 JavaThread "Signal Dispatcher" daemon [_thread_blocked, id=5120, stack(0x02d50000,0x02da0000)]
  0x02a20c00 JavaThread "Finalizer" daemon [_thread_blocked, id=5700, stack(0x02d00000,0x02d50000)]
  0x02a1bc00 JavaThread "Reference Handler" daemon [_thread_blocked, id=1828, stack(0x02cb0000,0x02d00000)]

Other Threads:
  0x02a1a000 VMThread [stack: 0x02c60000,0x02cb0000] [id=6088]
  0x02aa5000 WatcherThread [stack: 0x02e90000,0x02ee0000] [id=5740]

VM state:not at safepoint (normal execution)

VM Mutex/Monitor currently owned by a thread: None

Heap
 def new generation   total 7168K, used 480K [0x22b00000, 0x232c0000, 0x28050000)
  eden space 6400K,   0% used [0x22b00000, 0x22b020f8, 0x23140000)
  from space 768K,  61% used [0x23140000, 0x231b60b8, 0x23200000)
  to   space 768K,   0% used [0x23200000, 0x23200000, 0x232c0000)
 tenured generation   total 15804K, used 9523K [0x28050000, 0x28fbf000, 0x32b00000)
   the space 15804K,  60% used [0x28050000, 0x2899cdc0, 0x2899ce00, 0x28fbf000)
 compacting perm gen  total 12288K, used 4588K [0x32b00000, 0x33700000, 0x36b00000)
   the space 12288K,  37% used [0x32b00000, 0x32f7b3d8, 0x32f7b400, 0x33700000)
    ro space 10240K,  41% used [0x36b00000, 0x36f32050, 0x36f32200, 0x37500000)
    rw space 12288K,  52% used [0x37500000, 0x37b46800, 0x37b46800, 0x38100000)

Card table byte_map: [0x02b00000,0x02bb0000] byte_map_base: 0x029ea800

Polling page: 0x00950000

Code Cache  [0x00980000, 0x00b08000, 0x02980000)
 total_blobs=891 nmethods=411 adapters=417 free_code_cache=31221Kb largest_free_block=31970368

Compilation events (10 events):
Event: 8.511 Thread 0x02a8c000  407             com.badlogic.gdx.backends.lwjgl.LwjglGraphics::isGL20Available (13 bytes)
Event: 8.512 Thread 0x02a8c000 nmethod 407 0x00b01288 code [0x00b01380, 0x00b01410]
Event: 8.573 Thread 0x02a8c000  408             java.io.Win32FileSystem::prefixLength (91 bytes)
Event: 8.573 Thread 0x02a8c000 nmethod 408 0x00b01988 code [0x00b01ad0, 0x00b01e64]
Event: 8.573 Thread 0x02a8c000  409             java.nio.CharBuffer::<init> (22 bytes)
Event: 8.574 Thread 0x02a8c000 nmethod 409 0x00b02308 code [0x00b02400, 0x00b024cc]
Event: 8.576 Thread 0x02a8c000  410             org.lwjgl.opengl.APIUtil::encode (58 bytes)
Event: 8.576 Thread 0x02a8c000 nmethod 410 0x00b02548 code [0x00b02670, 0x00b02774]
Event: 10.018 Thread 0x02a8c000  411             com.badlogic.gdx.utils.Array::get (27 bytes)
Event: 10.018 Thread 0x02a8c000 nmethod 411 0x00b02848 code [0x00b02960, 0x00b02a98]

GC Heap History (10 events):
Event: 2.453 GC heap before
{Heap before GC invocations=81 (full 1):
 def new generation   total 7168K, used 6716K [0x22b00000, 0x232c0000, 0x28050000)
  eden space 6400K,  99% used [0x22b00000, 0x2313cb78, 0x23140000)
  from space 768K,  42% used [0x23200000, 0x23252658, 0x232c0000)
  to   space 768K,   0% used [0x23140000, 0x23140000, 0x23200000)
 tenured generation   total 15804K, used 9523K [0x28050000, 0x28fbf000, 0x32b00000)
   the space 15804K,  60% used [0x28050000, 0x2899cdc0, 0x2899ce00, 0x28fbf000)
 compacting perm gen  total 12288K, used 4366K [0x32b00000, 0x33700000, 0x36b00000)
   the space 12288K,  35% used [0x32b00000, 0x32f43960, 0x32f43a00, 0x33700000)
    ro space 10240K,  41% used [0x36b00000, 0x36f32050, 0x36f32200, 0x37500000)
    rw space 12288K,  52% used [0x37500000, 0x37b46800, 0x37b46800, 0x38100000)
Event: 2.454 GC heap after
Heap after GC invocations=82 (full 1):
 def new generation   total 7168K, used 331K [0x22b00000, 0x232c0000, 0x28050000)
  eden space 6400K,   0% used [0x22b00000, 0x22b00000, 0x23140000)
  from space 768K,  43% used [0x23140000, 0x23192c30, 0x23200000)
  to   space 768K,   0% used [0x23200000, 0x23200000, 0x232c0000)
 tenured generation   total 15804K, used 9523K [0x28050000, 0x28fbf000, 0x32b00000)
   the space 15804K,  60% used [0x28050000, 0x2899cdc0, 0x2899ce00, 0x28fbf000)
 compacting perm gen  total 12288K, used 4366K [0x32b00000, 0x33700000, 0x36b00000)
   the space 12288K,  35% used [0x32b00000, 0x32f43960, 0x32f43a00, 0x33700000)
    ro space 10240K,  41% used [0x36b00000, 0x36f32050, 0x36f32200, 0x37500000)
    rw space 12288K,  52% used [0x37500000, 0x37b46800, 0x37b46800, 0x38100000)
}
Event: 2.456 GC heap before
{Heap before GC invocations=82 (full 1):
 def new generation   total 7168K, used 6720K [0x22b00000, 0x232c0000, 0x28050000)
  eden space 6400K,  99% used [0x22b00000, 0x2313d440, 0x23140000)
  from space 768K,  43% used [0x23140000, 0x23192c30, 0x23200000)
  to   space 768K,   0% used [0x23200000, 0x23200000, 0x232c0000)
 tenured generation   total 15804K, used 9523K [0x28050000, 0x28fbf000, 0x32b00000)
   the space 15804K,  60% used [0x28050000, 0x2899cdc0, 0x2899ce00, 0x28fbf000)
 compacting perm gen  total 12288K, used 4366K [0x32b00000, 0x33700000, 0x36b00000)
   the space 12288K,  35% used [0x32b00000, 0x32f43960, 0x32f43a00, 0x33700000)
    ro space 10240K,  41% used [0x36b00000, 0x36f32050, 0x36f32200, 0x37500000)
    rw space 12288K,  52% used [0x37500000, 0x37b46800, 0x37b46800, 0x38100000)
Event: 2.457 GC heap after
Heap after GC invocations=83 (full 1):
 def new generation   total 7168K, used 332K [0x22b00000, 0x232c0000, 0x28050000)
  eden space 6400K,   0% used [0x22b00000, 0x22b00000, 0x23140000)
  from space 768K,  43% used [0x23200000, 0x232531b8, 0x232c0000)
  to   space 768K,   0% used [0x23140000, 0x23140000, 0x23200000)
 tenured generation   total 15804K, used 9523K [0x28050000, 0x28fbf000, 0x32b00000)
   the space 15804K,  60% used [0x28050000, 0x2899cdc0, 0x2899ce00, 0x28fbf000)
 compacting perm gen  total 12288K, used 4366K [0x32b00000, 0x33700000, 0x36b00000)
   the space 12288K,  35% used [0x32b00000, 0x32f43960, 0x32f43a00, 0x33700000)
    ro space 10240K,  41% used [0x36b00000, 0x36f32050, 0x36f32200, 0x37500000)
    rw space 12288K,  52% used [0x37500000, 0x37b46800, 0x37b46800, 0x38100000)
}
Event: 2.460 GC heap before
{Heap before GC invocations=83 (full 1):
 def new generation   total 7168K, used 6727K [0x22b00000, 0x232c0000, 0x28050000)
  eden space 6400K,  99% used [0x22b00000, 0x2313edb8, 0x23140000)
  from space 768K,  43% used [0x23200000, 0x232531b8, 0x232c0000)
  to   space 768K,   0% used [0x23140000, 0x23140000, 0x23200000)
 tenured generation   total 15804K, used 9523K [0x28050000, 0x28fbf000, 0x32b00000)
   the space 15804K,  60% used [0x28050000, 0x2899cdc0, 0x2899ce00, 0x28fbf000)
 compacting perm gen  total 12288K, used 4366K [0x32b00000, 0x33700000, 0x36b00000)
   the space 12288K,  35% used [0x32b00000, 0x32f43960, 0x32f43a00, 0x33700000)
    ro space 10240K,  41% used [0x36b00000, 0x36f32050, 0x36f32200, 0x37500000)
    rw space 12288K,  52% used [0x37500000, 0x37b46800, 0x37b46800, 0x38100000)
Event: 2.461 GC heap after
Heap after GC invocations=84 (full 1):
 def new generation   total 7168K, used 333K [0x22b00000, 0x232c0000, 0x28050000)
  eden space 6400K,   0% used [0x22b00000, 0x22b00000, 0x23140000)
  from space 768K,  43% used [0x23140000, 0x23193700, 0x23200000)
  to   space 768K,   0% used [0x23200000, 0x23200000, 0x232c0000)
 tenured generation   total 15804K, used 9523K [0x28050000, 0x28fbf000, 0x32b00000)
   the space 15804K,  60% used [0x28050000, 0x2899cdc0, 0x2899ce00, 0x28fbf000)
 compacting perm gen  total 12288K, used 4366K [0x32b00000, 0x33700000, 0x36b00000)
   the space 12288K,  35% used [0x32b00000, 0x32f43960, 0x32f43a00, 0x33700000)
    ro space 10240K,  41% used [0x36b00000, 0x36f32050, 0x36f32200, 0x37500000)
    rw space 12288K,  52% used [0x37500000, 0x37b46800, 0x37b46800, 0x38100000)
}
Event: 4.565 GC heap before
{Heap before GC invocations=84 (full 1):
 def new generation   total 7168K, used 6497K [0x22b00000, 0x232c0000, 0x28050000)
  eden space 6400K,  96% used [0x22b00000, 0x23104db0, 0x23140000)
  from space 768K,  43% used [0x23140000, 0x23193700, 0x23200000)
  to   space 768K,   0% used [0x23200000, 0x23200000, 0x232c0000)
 tenured generation   total 15804K, used 9523K [0x28050000, 0x28fbf000, 0x32b00000)
   the space 15804K,  60% used [0x28050000, 0x2899cdc0, 0x2899ce00, 0x28fbf000)
 compacting perm gen  total 12288K, used 4370K [0x32b00000, 0x33700000, 0x36b00000)
   the space 12288K,  35% used [0x32b00000, 0x32f44990, 0x32f44a00, 0x33700000)
    ro space 10240K,  41% used [0x36b00000, 0x36f32050, 0x36f32200, 0x37500000)
    rw space 12288K,  52% used [0x37500000, 0x37b46800, 0x37b46800, 0x38100000)
Event: 4.566 GC heap after
Heap after GC invocations=85 (full 1):
 def new generation   total 7168K, used 17K [0x22b00000, 0x232c0000, 0x28050000)
  eden space 6400K,   0% used [0x22b00000, 0x22b00000, 0x23140000)
  from space 768K,   2% used [0x23200000, 0x232047f0, 0x232c0000)
  to   space 768K,   0% used [0x23140000, 0x23140000, 0x23200000)
 tenured generation   total 15804K, used 9523K [0x28050000, 0x28fbf000, 0x32b00000)
   the space 15804K,  60% used [0x28050000, 0x2899cdc0, 0x2899ce00, 0x28fbf000)
 compacting perm gen  total 12288K, used 4370K [0x32b00000, 0x33700000, 0x36b00000)
   the space 12288K,  35% used [0x32b00000, 0x32f44990, 0x32f44a00, 0x33700000)
    ro space 10240K,  41% used [0x36b00000, 0x36f32050, 0x36f32200, 0x37500000)
    rw space 12288K,  52% used [0x37500000, 0x37b46800, 0x37b46800, 0x38100000)
}
Event: 10.068 GC heap before
{Heap before GC invocations=85 (full 1):
 def new generation   total 7168K, used 6417K [0x22b00000, 0x232c0000, 0x28050000)
  eden space 6400K, 100% used [0x22b00000, 0x23140000, 0x23140000)
  from space 768K,   2% used [0x23200000, 0x232047f0, 0x232c0000)
  to   space 768K,   0% used [0x23140000, 0x23140000, 0x23200000)
 tenured generation   total 15804K, used 9523K [0x28050000, 0x28fbf000, 0x32b00000)
   the space 15804K,  60% used [0x28050000, 0x2899cdc0, 0x2899ce00, 0x28fbf000)
 compacting perm gen  total 12288K, used 4588K [0x32b00000, 0x33700000, 0x36b00000)
   the space 12288K,  37% used [0x32b00000, 0x32f7b3d8, 0x32f7b400, 0x33700000)
    ro space 10240K,  41% used [0x36b00000, 0x36f32050, 0x36f32200, 0x37500000)
    rw space 12288K,  52% used [0x37500000, 0x37b46800, 0x37b46800, 0x38100000)
Event: 10.070 GC heap after
Heap after GC invocations=86 (full 1):
 def new generation   total 7168K, used 472K [0x22b00000, 0x232c0000, 0x28050000)
  eden space 6400K,   0% used [0x22b00000, 0x22b00000, 0x23140000)
  from space 768K,  61% used [0x23140000, 0x231b60b8, 0x23200000)
  to   space 768K,   0% used [0x23200000, 0x23200000, 0x232c0000)
 tenured generation   total 15804K, used 9523K [0x28050000, 0x28fbf000, 0x32b00000)
   the space 15804K,  60% used [0x28050000, 0x2899cdc0, 0x2899ce00, 0x28fbf000)
 compacting perm gen  total 12288K, used 4588K [0x32b00000, 0x33700000, 0x36b00000)
   the space 12288K,  37% used [0x32b00000, 0x32f7b3d8, 0x32f7b400, 0x33700000)
    ro space 10240K,  41% used [0x36b00000, 0x36f32050, 0x36f32200, 0x37500000)
    rw space 12288K,  52% used [0x37500000, 0x37b46800, 0x37b46800, 0x38100000)
}

Deoptimization events (0 events):
No events

Internal exceptions (10 events):
Event: 8.612 Thread 0x0300dc00 Threw 0x230f9778 at C:\re\jdk7u51\527\hotspot\src\share\vm\prims\jvm.cpp:1244
Event: 8.613 Thread 0x0300dc00 Threw 0x230fe790 at C:\re\jdk7u51\527\hotspot\src\share\vm\prims\jvm.cpp:1244
Event: 8.613 Thread 0x0300dc00 Threw 0x23103620 at C:\re\jdk7u51\527\hotspot\src\share\vm\prims\jvm.cpp:1244
Event: 8.614 Thread 0x0300dc00 Threw 0x23108448 at C:\re\jdk7u51\527\hotspot\src\share\vm\prims\jvm.cpp:1244
Event: 8.614 Thread 0x0300dc00 Threw 0x2310d5c8 at C:\re\jdk7u51\527\hotspot\src\share\vm\prims\jvm.cpp:1244
Event: 8.615 Thread 0x0300dc00 Threw 0x23112478 at C:\re\jdk7u51\527\hotspot\src\share\vm\prims\jvm.cpp:1244
Event: 8.615 Thread 0x0300dc00 Threw 0x231176e8 at C:\re\jdk7u51\527\hotspot\src\share\vm\prims\jvm.cpp:1244
Event: 8.616 Thread 0x0300dc00 Threw 0x2311c510 at C:\re\jdk7u51\527\hotspot\src\share\vm\prims\jvm.cpp:1244
Event: 8.616 Thread 0x0300dc00 Threw 0x23121370 at C:\re\jdk7u51\527\hotspot\src\share\vm\prims\jvm.cpp:1244
Event: 8.617 Thread 0x0300dc00 Threw 0x231264e8 at C:\re\jdk7u51\527\hotspot\src\share\vm\prims\jvm.cpp:1244

Events (10 events):
Event: 10.070 Executing VM operation: RevokeBias
Event: 10.070 Executing VM operation: RevokeBias done
Event: 10.070 Executing VM operation: RevokeBias
Event: 10.071 Executing VM operation: RevokeBias done
Event: 10.071 Executing VM operation: RevokeBias
Event: 10.071 Executing VM operation: RevokeBias done
Event: 10.071 Executing VM operation: RevokeBias
Event: 10.071 Executing VM operation: RevokeBias done
Event: 10.071 Executing VM operation: RevokeBias
Event: 10.071 Executing VM operation: RevokeBias done


Dynamic libraries:
0x00400000 - 0x0042f000 	C:\Program Files\Java\jre7\bin\javaw.exe
0x7c900000 - 0x7c9b2000 	C:\WINDOWS\system32\ntdll.dll
0x7c800000 - 0x7c8f6000 	C:\WINDOWS\system32\kernel32.dll
0x77dd0000 - 0x77e6b000 	C:\WINDOWS\system32\ADVAPI32.dll
0x77e70000 - 0x77f03000 	C:\WINDOWS\system32\RPCRT4.dll
0x77fe0000 - 0x77ff1000 	C:\WINDOWS\system32\Secur32.dll
0x7e410000 - 0x7e4a1000 	C:\WINDOWS\system32\USER32.dll
0x77f10000 - 0x77f59000 	C:\WINDOWS\system32\GDI32.dll
0x773d0000 - 0x774d3000 	C:\WINDOWS\WinSxS\x86_Microsoft.Windows.Common-Controls_6595b64144ccf1df_6.0.2600.6028_x-ww_61e65202\COMCTL32.dll
0x77c10000 - 0x77c68000 	C:\WINDOWS\system32\msvcrt.dll
0x77f60000 - 0x77fd6000 	C:\WINDOWS\system32\SHLWAPI.dll
0x76390000 - 0x763ad000 	C:\WINDOWS\system32\IMM32.DLL
0x629c0000 - 0x629c9000 	C:\WINDOWS\system32\LPK.DLL
0x74d90000 - 0x74dfb000 	C:\WINDOWS\system32\USP10.dll
0x78aa0000 - 0x78b5f000 	C:\Program Files\Java\jre7\bin\msvcr100.dll
0x6e770000 - 0x6eaf0000 	C:\Program Files\Java\jre7\bin\client\jvm.dll
0x71ad0000 - 0x71ad9000 	C:\WINDOWS\system32\WSOCK32.dll
0x71ab0000 - 0x71ac7000 	C:\WINDOWS\system32\WS2_32.dll
0x71aa0000 - 0x71aa8000 	C:\WINDOWS\system32\WS2HELP.dll
0x76b40000 - 0x76b6d000 	C:\WINDOWS\system32\WINMM.dll
0x76bf0000 - 0x76bfb000 	C:\WINDOWS\system32\PSAPI.DLL
0x6e6c0000 - 0x6e6cc000 	C:\Program Files\Java\jre7\bin\verify.dll
0x6d480000 - 0x6d4a0000 	C:\Program Files\Java\jre7\bin\java.dll
0x6e750000 - 0x6e763000 	C:\Program Files\Java\jre7\bin\zip.dll
0x6d000000 - 0x6d143000 	C:\Program Files\Java\jre7\bin\awt.dll
0x77120000 - 0x771ab000 	C:\WINDOWS\system32\OLEAUT32.dll
0x774e0000 - 0x7761e000 	C:\WINDOWS\system32\ole32.dll
0x5ad70000 - 0x5ada8000 	C:\WINDOWS\system32\uxtheme.dll
0x74720000 - 0x7476c000 	C:\WINDOWS\system32\MSCTF.dll
0x755c0000 - 0x755ee000 	C:\WINDOWS\system32\msctfime.ime
0x65080000 - 0x65339000 	C:\Documents and Settings\Chris B\Local Settings\Temp\libgdxChris B\92ef020d\gdx-bullet.dll
0x6cec0000 - 0x6cf42000 	C:\Documents and Settings\Chris B\Local Settings\Temp\libgdxChris B\431dd0f6\gdx.dll
0x10000000 - 0x1004c000 	C:\Documents and Settings\Chris B\Local Settings\Temp\libgdxChris B\52d76f2b\lwjgl.dll
0x5ed00000 - 0x5edcc000 	C:\WINDOWS\system32\OPENGL32.dll
0x68b20000 - 0x68b40000 	C:\WINDOWS\system32\GLU32.dll
0x73760000 - 0x737ab000 	C:\WINDOWS\system32\DDRAW.dll
0x73bc0000 - 0x73bc6000 	C:\WINDOWS\system32\DCIMAN32.dll
0x77c00000 - 0x77c08000 	C:\WINDOWS\system32\VERSION.dll
0x036a0000 - 0x03705000 	C:\DOCUME~1\CHRISB~1\LOCALS~1\Temp\libgdxChris B\52d76f2b\OpenAL32.dll
0x7c9c0000 - 0x7d1d7000 	C:\WINDOWS\system32\SHELL32.dll
0x76fd0000 - 0x7704f000 	C:\WINDOWS\system32\CLBCATQ.DLL
0x77050000 - 0x77115000 	C:\WINDOWS\system32\COMRes.dll
0x73f10000 - 0x73f6c000 	C:\WINDOWS\system32\dsound.dll
0x76c30000 - 0x76c5e000 	C:\WINDOWS\system32\WINTRUST.dll
0x77a80000 - 0x77b17000 	C:\WINDOWS\system32\CRYPT32.dll
0x77b20000 - 0x77b32000 	C:\WINDOWS\system32\MSASN1.dll
0x76c90000 - 0x76cb9000 	C:\WINDOWS\system32\IMAGEHLP.dll
0x72d20000 - 0x72d29000 	C:\WINDOWS\system32\wdmaud.drv
0x72d10000 - 0x72d18000 	C:\WINDOWS\system32\msacm32.drv
0x77be0000 - 0x77bf5000 	C:\WINDOWS\system32\MSACM32.dll
0x77bd0000 - 0x77bd7000 	C:\WINDOWS\system32\midimap.dll
0x73ee0000 - 0x73ee4000 	C:\WINDOWS\system32\KsUser.dll
0x69030000 - 0x6a229000 	C:\WINDOWS\system32\atioglxx.dll
0x03e00000 - 0x03e33000 	C:\WINDOWS\system32\atiadlxx.dll
0x77920000 - 0x77a13000 	C:\WINDOWS\system32\SETUPAPI.dll
0x78130000 - 0x781cb000 	C:\WINDOWS\WinSxS\x86_Microsoft.VC80.CRT_1fc8b3b9a1e18e3b_8.0.50727.6195_x-ww_44262b86\MSVCR80.dll
0x73b30000 - 0x73b45000 	C:\WINDOWS\system32\mscms.dll
0x73000000 - 0x73026000 	C:\WINDOWS\system32\WINSPOOL.DRV
0x66e90000 - 0x66ed1000 	C:\WINDOWS\system32\icm32.dll
0x6e4b0000 - 0x6e4c4000 	C:\Program Files\Java\jre7\bin\net.dll
0x6e4d0000 - 0x6e4df000 	C:\Program Files\Java\jre7\bin\nio.dll
0x6e500000 - 0x6e5a2000 	C:\Documents and Settings\Chris B\Local Settings\Temp\sqlite-3.7.151-x86-sqlitejdbc.dll
0x59a60000 - 0x59b01000 	C:\WINDOWS\system32\dbghelp.dll

VM Arguments:
jvm_args: -Dfile.encoding=Cp1252 
java_command: com.stargem.StargemStarter
Launcher Type: SUN_STANDARD

Environment Variables:
PATH=C:/Program Files/Java/jre7/bin/client;C:/Program Files/Java/jre7/bin;C:/Program Files/Java/jre7/lib/i386;C:\Program Files\Haskell\bin;C:\Program Files\Haskell Platform\2013.2.0.0\lib\extralibs\bin;C:\Program Files\Haskell Platform\2013.2.0.0\bin;C:\Program Files\Common Files\Microsoft Shared\Windows Live;C:\Program Files\AMD APP\bin\x86;C:\WINDOWS\system32;C:\WINDOWS;C:\WINDOWS\System32\Wbem;C:\Program Files\Common Files\Autodesk Shared\;C:\Program Files\Autodesk\Backburner\;C:\WINDOWS\system32\WindowsPowerShell\v1.0;C:\Program Files\Haskell Platform\2013.2.0.0\mingw\bin;C:\Program Files\Java\jdk1.7.0\bin;C:\Program Files\Mercurial;C:\Program Files\cURL\bin;C:\Documents and Settings\Chris B\Application Data\cabal\bin;C:\Program Files\Common Files\Microsoft Shared\Windows Live;C:\Program Files\RoadKill;C:\eclipse old;
USERNAME=Chris B
OS=Windows_NT
PROCESSOR_IDENTIFIER=x86 Family 16 Model 5 Stepping 3, AuthenticAMD



---------------  S Y S T E M  ---------------

OS: Windows XP Build 2600 Service Pack 3

CPU:total 4 (4 cores per cpu, 1 threads per core) family 16 model 5 stepping 3, cmov, cx8, fxsr, mmx, sse, sse2, sse3, popcnt, mmxext, 3dnowpref, lzcnt, sse4a, tsc, tscinvbit, tscinv

Memory: 4k page, physical 3406224k(359080k free), swap 5335484k(1344184k free)

vm_info: Java HotSpot(TM) Client VM (24.51-b03) for windows-x86 JRE (1.7.0_51-b13), built on Dec 18 2013 19:09:58 by "java_re" with unknown MS VC++:1600

time: Wed Feb 12 17:07:08 2014
elapsed time: 10 seconds

